
67. Printing statistics.

=== AES ===

   Number of wires:              11559
   Number of wire bits:          12068
   Number of public wires:         529
   Number of public wire bits:    1038
   Number of memories:               0
   Number of memory bits:            0
   Number of processes:              0
   Number of cells:              11681
     sky130_fd_sc_hd__a2111o_2       9
     sky130_fd_sc_hd__a2111oi_2      4
     sky130_fd_sc_hd__a211o_2      284
     sky130_fd_sc_hd__a211oi_2      52
     sky130_fd_sc_hd__a21bo_2       58
     sky130_fd_sc_hd__a21boi_2      19
     sky130_fd_sc_hd__a21o_2       347
     sky130_fd_sc_hd__a21oi_2      467
     sky130_fd_sc_hd__a221o_2      147
     sky130_fd_sc_hd__a221oi_2      22
     sky130_fd_sc_hd__a22o_2       116
     sky130_fd_sc_hd__a22oi_2        2
     sky130_fd_sc_hd__a2bb2o_2      86
     sky130_fd_sc_hd__a311o_2      197
     sky130_fd_sc_hd__a311oi_2      19
     sky130_fd_sc_hd__a31o_2       463
     sky130_fd_sc_hd__a31oi_2       21
     sky130_fd_sc_hd__a32o_2       119
     sky130_fd_sc_hd__a32oi_2        2
     sky130_fd_sc_hd__a41o_2        34
     sky130_fd_sc_hd__and2_2       122
     sky130_fd_sc_hd__and2b_2       88
     sky130_fd_sc_hd__and3_2       146
     sky130_fd_sc_hd__and3b_2       61
     sky130_fd_sc_hd__and4_2         4
     sky130_fd_sc_hd__and4b_2        4
     sky130_fd_sc_hd__and4bb_2       2
     sky130_fd_sc_hd__buf_1       1654
     sky130_fd_sc_hd__dfrtp_2      520
     sky130_fd_sc_hd__inv_2        669
     sky130_fd_sc_hd__mux2_2       763
     sky130_fd_sc_hd__mux4_2        85
     sky130_fd_sc_hd__nand2_2      687
     sky130_fd_sc_hd__nand2b_2      37
     sky130_fd_sc_hd__nand3_2       30
     sky130_fd_sc_hd__nand3b_2      21
     sky130_fd_sc_hd__nand4_2        1
     sky130_fd_sc_hd__nor2_2       637
     sky130_fd_sc_hd__nor2b_2       49
     sky130_fd_sc_hd__nor3_2        30
     sky130_fd_sc_hd__nor3b_2       29
     sky130_fd_sc_hd__nor4b_2        1
     sky130_fd_sc_hd__o2111a_2      13
     sky130_fd_sc_hd__o2111ai_2      1
     sky130_fd_sc_hd__o211a_2      289
     sky130_fd_sc_hd__o211ai_2      53
     sky130_fd_sc_hd__o21a_2       320
     sky130_fd_sc_hd__o21ai_2      361
     sky130_fd_sc_hd__o21ba_2       70
     sky130_fd_sc_hd__o21bai_2      22
     sky130_fd_sc_hd__o221a_2      262
     sky130_fd_sc_hd__o221ai_2      21
     sky130_fd_sc_hd__o22a_2       174
     sky130_fd_sc_hd__o22ai_2        7
     sky130_fd_sc_hd__o2bb2a_2      52
     sky130_fd_sc_hd__o311a_2      233
     sky130_fd_sc_hd__o311ai_2       3
     sky130_fd_sc_hd__o31a_2       122
     sky130_fd_sc_hd__o31ai_2       48
     sky130_fd_sc_hd__o32a_2       127
     sky130_fd_sc_hd__o32ai_2        3
     sky130_fd_sc_hd__o41a_2        10
     sky130_fd_sc_hd__or2_2        281
     sky130_fd_sc_hd__or2b_2        72
     sky130_fd_sc_hd__or3_2        233
     sky130_fd_sc_hd__or3b_2       112
     sky130_fd_sc_hd__or4_2         26
     sky130_fd_sc_hd__or4b_2         5
     sky130_fd_sc_hd__or4bb_2        1
     sky130_fd_sc_hd__xnor2_2      344
     sky130_fd_sc_hd__xor2_2       308

   Chip area for module '\AES': 109402.425600

