OpenROAD 41a51eaf4ca2171c92ff38afb91eb37bbd3f36da 
This program is licensed under the BSD-3 license. See the LICENSE file for details.
Components of this program may be licensed under more restrictive licenses which must be honored.
[INFO]: Reading ODB at '/openlane/designs/aes256/runs/RUN_2025.11.27_13.38.41/results/cts/AES.odb'…
define_corners Slowest Typical Fastest
read_liberty -corner Slowest /home/biu/.ciel/sky130A/libs.ref/sky130_fd_sc_hd/lib/sky130_fd_sc_hd__ss_100C_1v60.lib
read_liberty -corner Typical /home/biu/.ciel/sky130A/libs.ref/sky130_fd_sc_hd/lib/sky130_fd_sc_hd__tt_025C_1v80.lib
read_liberty -corner Fastest /home/biu/.ciel/sky130A/libs.ref/sky130_fd_sc_hd/lib/sky130_fd_sc_hd__ff_n40C_1v95.lib
Using 1e-12 for capacitance...
Using 1e+03 for resistance...
Using 1e-09 for time...
Using 1e+00 for voltage...
Using 1e-03 for current...
Using 1e-09 for power...
Using 1e-06 for distance...
Reading design constraints file at '/openlane/designs/aes256/runs/RUN_2025.11.27_13.38.41/results/cts/AES.sdc'…
[INFO]: Setting RC values...
[INFO RSZ-0045] Inserted 28 buffers, 1 to split loads.
[INFO RSZ-0041] Resized 121 instances.
[WARNING RSZ-0062] Unable to repair all setup violations.
[INFO RSZ-0046] Found 115 endpoints with hold violations.
[INFO RSZ-0032] Inserted 115 hold buffers.
Placement Analysis
---------------------------------
total displacement       2210.9 u
average displacement        0.1 u
max displacement           17.9 u
original HPWL          614382.9 u
legalized HPWL         624643.0 u
delta HPWL                    2 %

[INFO DPL-0020] Mirrored 5128 instances
[INFO DPL-0021] HPWL before          624643.0 u
[INFO DPL-0022] HPWL after           615730.1 u
[INFO DPL-0023] HPWL delta               -1.4 %
Setting global connections for newly added cells…
Writing OpenROAD database to '/openlane/designs/aes256/runs/RUN_2025.11.27_13.38.41/tmp/cts/14-AES.resized.odb'…
Writing netlist to '/openlane/designs/aes256/runs/RUN_2025.11.27_13.38.41/tmp/cts/14-AES.resized.nl.v'…
Writing powered netlist to '/openlane/designs/aes256/runs/RUN_2025.11.27_13.38.41/tmp/cts/14-AES.resized.pnl.v'…
Writing layout to '/openlane/designs/aes256/runs/RUN_2025.11.27_13.38.41/tmp/cts/14-AES.resized.def'…
Writing timing constraints to '/openlane/designs/aes256/runs/RUN_2025.11.27_13.38.41/tmp/cts/14-AES.resized.sdc'…
area_report

===========================================================================
report_design_area
============================================================================
Design area 113767 u^2 49% utilization.
area_report_end
