OpenROAD 41a51eaf4ca2171c92ff38afb91eb37bbd3f36da 
This program is licensed under the BSD-3 license. See the LICENSE file for details.
Components of this program may be licensed under more restrictive licenses which must be honored.
[INFO]: Reading ODB at '/openlane/designs/aes256/runs/RUN_2025.11.27_13.38.41/tmp/15-AES.odb'…
define_corners Slowest Typical Fastest
read_liberty -corner Slowest /home/biu/.ciel/sky130A/libs.ref/sky130_fd_sc_hd/lib/sky130_fd_sc_hd__ss_100C_1v60.lib
read_liberty -corner Typical /home/biu/.ciel/sky130A/libs.ref/sky130_fd_sc_hd/lib/sky130_fd_sc_hd__tt_025C_1v80.lib
read_liberty -corner Fastest /home/biu/.ciel/sky130A/libs.ref/sky130_fd_sc_hd/lib/sky130_fd_sc_hd__ff_n40C_1v95.lib
Using 1e-12 for capacitance...
Using 1e+03 for resistance...
Using 1e-09 for time...
Using 1e+00 for voltage...
Using 1e-03 for current...
Using 1e-09 for power...
Using 1e-06 for distance...
Reading design constraints file at '/openlane/designs/aes256/runs/RUN_2025.11.27_13.38.41/tmp/15-AES.sdc'…
[INFO]: Setting signal min routing layer to: met1 and clock min routing layer to met3. 
[INFO]: Setting signal max routing layer to: met5 and clock max routing layer to met5. 
-congestion_iterations 50 -verbose -congestion_report_file /openlane/designs/aes256/runs/RUN_2025.11.27_13.38.41/tmp/routing/resizer-routing-timing-congestion.rpt
[INFO GRT-0020] Min routing layer: met1
[INFO GRT-0021] Max routing layer: met5
[INFO GRT-0022] Global adjustment: 30%
[INFO GRT-0023] Grid origin: (0, 0)
[INFO GRT-0043] No OR_DEFAULT vias defined.
[INFO GRT-0088] Layer li1     Track-Pitch = 0.4600  line-2-Via Pitch: 0.3400
[INFO GRT-0088] Layer met1    Track-Pitch = 0.3400  line-2-Via Pitch: 0.3400
[INFO GRT-0088] Layer met2    Track-Pitch = 0.4600  line-2-Via Pitch: 0.3500
[INFO GRT-0088] Layer met3    Track-Pitch = 0.6800  line-2-Via Pitch: 0.6150
[INFO GRT-0088] Layer met4    Track-Pitch = 0.9200  line-2-Via Pitch: 1.0400
[INFO GRT-0088] Layer met5    Track-Pitch = 3.4000  line-2-Via Pitch: 3.1100
[INFO GRT-0019] Found 69 clock nets.
[INFO GRT-0001] Minimum degree: 2
[INFO GRT-0002] Maximum degree: 22
[INFO GRT-0003] Macros: 0
[INFO GRT-0004] Blockages: 10691

[INFO GRT-0053] Routing resources analysis:
          Routing      Original      Derated      Resource
Layer     Direction    Resources     Resources    Reduction (%)
---------------------------------------------------------------
li1        Vertical            0             0          0.00%
met1       Horizontal     103680         51268          50.55%
met2       Vertical        77760         51662          33.56%
met3       Horizontal      51840         35972          30.61%
met4       Vertical        31104         19839          36.22%
met5       Horizontal      10368          4970          52.06%
---------------------------------------------------------------

[INFO GRT-0101] Running extra iterations to remove overflow.
[INFO GRT-0197] Via related to pin nodes: 67751
[INFO GRT-0198] Via related Steiner nodes: 3510
[INFO GRT-0199] Via filling finished.
[INFO GRT-0111] Final number of vias: 83200
[INFO GRT-0112] Final usage 3D: 356651

[INFO GRT-0096] Final congestion report:
Layer         Resource        Demand        Usage (%)    Max H / Max V / Total Overflow
---------------------------------------------------------------------------------------
li1                  0             0            0.00%             0 /  0 /  0
met1             51268         33508           65.36%             0 /  0 /  0
met2             51662         38732           74.97%             0 /  0 /  0
met3             35972         19871           55.24%             0 /  0 /  0
met4             19839         12989           65.47%             0 /  0 /  0
met5              4970          1951           39.26%             0 /  0 /  0
---------------------------------------------------------------------------------------
Total           163711        107051           65.39%             0 /  0 /  0

[INFO GRT-0018] Total wirelength: 1035393 um
[INFO GRT-0014] Routed nets: 12817
[INFO]: Setting RC values...
[INFO GRT-0009] rerouting 4 nets.
[INFO GRT-0009] rerouting 7 nets.
[INFO GRT-0009] rerouting 9 nets.
[INFO GRT-0001] Minimum degree: 3
[INFO GRT-0002] Maximum degree: 6
[INFO GRT-0009] rerouting 3 nets.
[INFO GRT-0009] rerouting 7 nets.
[INFO GRT-0009] rerouting 10 nets.
[INFO GRT-0009] rerouting 12 nets.
[INFO GRT-0009] rerouting 16 nets.
[INFO GRT-0001] Minimum degree: 11
[INFO GRT-0002] Maximum degree: 11
[INFO GRT-0009] rerouting 3 nets.
[INFO GRT-0001] Minimum degree: 3
[INFO GRT-0002] Maximum degree: 3
[INFO GRT-0009] rerouting 3 nets.
[INFO GRT-0001] Minimum degree: 11
[INFO GRT-0002] Maximum degree: 11
[INFO GRT-0009] rerouting 4 nets.
[INFO GRT-0001] Minimum degree: 2
[INFO GRT-0002] Maximum degree: 11
[INFO GRT-0009] rerouting 4 nets.
[INFO GRT-0009] rerouting 7 nets.
[INFO GRT-0009] rerouting 11 nets.
[INFO GRT-0009] rerouting 14 nets.
[INFO GRT-0001] Minimum degree: 4
[INFO GRT-0002] Maximum degree: 4
[INFO GRT-0009] rerouting 3 nets.
[INFO GRT-0001] Minimum degree: 5
[INFO GRT-0002] Maximum degree: 9
[INFO GRT-0009] rerouting 3 nets.
[INFO GRT-0009] rerouting 7 nets.
[INFO GRT-0001] Minimum degree: 8
[INFO GRT-0002] Maximum degree: 11
[INFO GRT-0009] rerouting 3 nets.
[INFO GRT-0009] rerouting 6 nets.
[INFO GRT-0009] rerouting 10 nets.
[INFO GRT-0009] rerouting 14 nets.
[INFO GRT-0009] rerouting 18 nets.
[INFO GRT-0009] rerouting 21 nets.
[INFO GRT-0001] Minimum degree: 9
[INFO GRT-0002] Maximum degree: 9
[INFO GRT-0009] rerouting 3 nets.
[INFO GRT-0009] rerouting 6 nets.
[INFO GRT-0001] Minimum degree: 2
[INFO GRT-0002] Maximum degree: 2
[INFO GRT-0009] rerouting 3 nets.
[INFO GRT-0009] rerouting 7 nets.
[INFO GRT-0001] Minimum degree: 3
[INFO GRT-0002] Maximum degree: 11
[INFO GRT-0009] rerouting 4 nets.
[INFO GRT-0009] rerouting 8 nets.
[INFO GRT-0009] rerouting 10 nets.
[INFO GRT-0001] Minimum degree: 6
[INFO GRT-0002] Maximum degree: 6
[INFO GRT-0009] rerouting 4 nets.
[INFO GRT-0009] rerouting 6 nets.
[INFO GRT-0001] Minimum degree: 4
[INFO GRT-0002] Maximum degree: 4
[INFO GRT-0009] rerouting 3 nets.
[INFO GRT-0009] rerouting 6 nets.
[INFO GRT-0009] rerouting 10 nets.
[INFO GRT-0001] Minimum degree: 2
[INFO GRT-0002] Maximum degree: 2
[INFO GRT-0009] rerouting 4 nets.
[INFO GRT-0009] rerouting 8 nets.
[INFO GRT-0009] rerouting 11 nets.
[INFO GRT-0001] Minimum degree: 10
[INFO GRT-0002] Maximum degree: 10
[INFO GRT-0009] rerouting 4 nets.
[INFO GRT-0009] rerouting 7 nets.
[INFO GRT-0009] rerouting 11 nets.
[INFO GRT-0009] rerouting 13 nets.
[INFO GRT-0001] Minimum degree: 2
[INFO GRT-0002] Maximum degree: 10
[INFO GRT-0009] rerouting 4 nets.
[INFO GRT-0001] Minimum degree: 2
[INFO GRT-0002] Maximum degree: 9
[INFO GRT-0009] rerouting 2 nets.
[INFO GRT-0009] rerouting 5 nets.
[INFO GRT-0009] rerouting 7 nets.
[INFO GRT-0009] rerouting 11 nets.
[INFO GRT-0009] rerouting 16 nets.
[INFO GRT-0009] rerouting 18 nets.
[INFO GRT-0001] Minimum degree: 2
[INFO GRT-0002] Maximum degree: 3
[INFO GRT-0009] rerouting 4 nets.
[INFO GRT-0001] Minimum degree: 2
[INFO GRT-0002] Maximum degree: 11
[INFO GRT-0009] rerouting 3 nets.
[INFO GRT-0009] rerouting 5 nets.
[INFO GRT-0001] Minimum degree: 3
[INFO GRT-0002] Maximum degree: 9
[INFO GRT-0009] rerouting 4 nets.
[INFO GRT-0009] rerouting 9 nets.
[INFO GRT-0009] rerouting 11 nets.
[INFO GRT-0009] rerouting 14 nets.
[INFO GRT-0001] Minimum degree: 4
[INFO GRT-0002] Maximum degree: 4
[INFO GRT-0009] rerouting 2 nets.
[INFO GRT-0009] rerouting 5 nets.
[INFO GRT-0009] rerouting 8 nets.
[INFO GRT-0009] rerouting 12 nets.
[INFO GRT-0001] Minimum degree: 4
[INFO GRT-0002] Maximum degree: 4
[INFO RSZ-0040] Inserted 2 buffers.
[INFO RSZ-0041] Resized 58 instances.
[WARNING RSZ-0062] Unable to repair all setup violations.
[INFO RSZ-0033] No hold violations found.
Placement Analysis
---------------------------------
total displacement        158.4 u
average displacement        0.0 u
max displacement           11.9 u
original HPWL          618813.0 u
legalized HPWL         628066.2 u
delta HPWL                    1 %

[INFO DPL-0020] Mirrored 5160 instances
[INFO DPL-0021] HPWL before          628066.2 u
[INFO DPL-0022] HPWL after           618927.6 u
[INFO DPL-0023] HPWL delta               -1.5 %
Setting global connections for newly added cells…
Writing OpenROAD database to '/openlane/designs/aes256/runs/RUN_2025.11.27_13.38.41/tmp/17-AES.odb'…
Writing netlist to '/openlane/designs/aes256/runs/RUN_2025.11.27_13.38.41/tmp/17-AES.nl.v'…
Writing powered netlist to '/openlane/designs/aes256/runs/RUN_2025.11.27_13.38.41/tmp/17-AES.pnl.v'…
Writing layout to '/openlane/designs/aes256/runs/RUN_2025.11.27_13.38.41/tmp/17-AES.def'…
Writing timing constraints to '/openlane/designs/aes256/runs/RUN_2025.11.27_13.38.41/tmp/17-AES.sdc'…
area_report

===========================================================================
report_design_area
============================================================================
Design area 117021 u^2 50% utilization.
area_report_end
