OpenROAD 41a51eaf4ca2171c92ff38afb91eb37bbd3f36da 
This program is licensed under the BSD-3 license. See the LICENSE file for details.
Components of this program may be licensed under more restrictive licenses which must be honored.
[INFO]: Reading ODB at '/openlane/designs/aes256/runs/RUN_2025.11.27_13.38.41/tmp/17-AES.odb'…
define_corners Typical
read_liberty -corner Typical /home/biu/.ciel/sky130A/libs.ref/sky130_fd_sc_hd/lib/sky130_fd_sc_hd__tt_025C_1v80.lib
Using 1e-12 for capacitance...
Using 1e+03 for resistance...
Using 1e-09 for time...
Using 1e+00 for voltage...
Using 1e-03 for current...
Using 1e-09 for power...
Using 1e-06 for distance...
Reading design constraints file at '/openlane/designs/aes256/runs/RUN_2025.11.27_13.38.41/tmp/17-AES.sdc'…
[INFO]: Setting signal min routing layer to: met1 and clock min routing layer to met3. 
[INFO]: Setting signal max routing layer to: met5 and clock max routing layer to met5. 
-congestion_iterations 50 -verbose -congestion_report_file /openlane/designs/aes256/runs/RUN_2025.11.27_13.38.41/tmp/routing/groute-congestion.rpt
[INFO GRT-0020] Min routing layer: met1
[INFO GRT-0021] Max routing layer: met5
[INFO GRT-0022] Global adjustment: 30%
[INFO GRT-0023] Grid origin: (0, 0)
[INFO GRT-0043] No OR_DEFAULT vias defined.
[INFO GRT-0088] Layer li1     Track-Pitch = 0.4600  line-2-Via Pitch: 0.3400
[INFO GRT-0088] Layer met1    Track-Pitch = 0.3400  line-2-Via Pitch: 0.3400
[INFO GRT-0088] Layer met2    Track-Pitch = 0.4600  line-2-Via Pitch: 0.3500
[INFO GRT-0088] Layer met3    Track-Pitch = 0.6800  line-2-Via Pitch: 0.6150
[INFO GRT-0088] Layer met4    Track-Pitch = 0.9200  line-2-Via Pitch: 1.0400
[INFO GRT-0088] Layer met5    Track-Pitch = 3.4000  line-2-Via Pitch: 3.1100
[INFO GRT-0019] Found 69 clock nets.
[INFO GRT-0001] Minimum degree: 2
[INFO GRT-0002] Maximum degree: 22
[INFO GRT-0003] Macros: 0
[INFO GRT-0004] Blockages: 10726

[INFO GRT-0053] Routing resources analysis:
          Routing      Original      Derated      Resource
Layer     Direction    Resources     Resources    Reduction (%)
---------------------------------------------------------------
li1        Vertical            0             0          0.00%
met1       Horizontal     103680         51264          50.56%
met2       Vertical        77760         51662          33.56%
met3       Horizontal      51840         35972          30.61%
met4       Vertical        31104         19839          36.22%
met5       Horizontal      10368          4970          52.06%
---------------------------------------------------------------

[INFO GRT-0101] Running extra iterations to remove overflow.
[INFO GRT-0197] Via related to pin nodes: 67762
[INFO GRT-0198] Via related Steiner nodes: 3487
[INFO GRT-0199] Via filling finished.
[INFO GRT-0111] Final number of vias: 83125
[INFO GRT-0112] Final usage 3D: 356229

[INFO GRT-0096] Final congestion report:
Layer         Resource        Demand        Usage (%)    Max H / Max V / Total Overflow
---------------------------------------------------------------------------------------
li1                  0             0            0.00%             0 /  0 /  0
met1             51264         33536           65.42%             0 /  0 /  0
met2             51662         38740           74.99%             0 /  0 /  0
met3             35972         19757           54.92%             0 /  0 /  0
met4             19839         13004           65.55%             0 /  0 /  0
met5              4970          1817           36.56%             0 /  0 /  0
---------------------------------------------------------------------------------------
Total           163707        106854           65.27%             0 /  0 /  0

[INFO GRT-0018] Total wirelength: 1033413 um
[INFO GRT-0014] Routed nets: 12819
[INFO GRT-0006] Repairing antennas, iteration 1.
[INFO GRT-0043] No OR_DEFAULT vias defined.
[WARNING ANT-0009] Net net303 requires more than 10 diodes per gate to repair violations.
[INFO GRT-0012] Found 256 antenna violations.
[INFO GRT-0015] Inserted 608 diodes.
[INFO GRT-0054] Using detailed placer to place 25 diodes.
[INFO GRT-0009] rerouting 9891 nets.
[INFO GRT-0001] Minimum degree: 2
[INFO GRT-0002] Maximum degree: 24
[INFO GRT-0006] Repairing antennas, iteration 2.
[INFO GRT-0043] No OR_DEFAULT vias defined.
[INFO GRT-0012] Found 42 antenna violations.
[INFO GRT-0015] Inserted 58 diodes.
[INFO GRT-0009] rerouting 733 nets.
[INFO GRT-0001] Minimum degree: 2
[INFO GRT-0002] Maximum degree: 18
[INFO GRT-0006] Repairing antennas, iteration 3.
[INFO GRT-0043] No OR_DEFAULT vias defined.
[INFO GRT-0012] Found 4 antenna violations.
[INFO GRT-0015] Inserted 4 diodes.
[INFO GRT-0009] rerouting 28 nets.
[INFO GRT-0001] Minimum degree: 2
[INFO GRT-0002] Maximum degree: 13
[INFO GRT-0006] Repairing antennas, iteration 4.
[INFO GRT-0043] No OR_DEFAULT vias defined.
[INFO GRT-0012] Found 1 antenna violations.
[INFO GRT-0015] Inserted 1 diodes.
[INFO GRT-0009] rerouting 1 nets.
[INFO GRT-0001] Minimum degree: 6
[INFO GRT-0002] Maximum degree: 6
[INFO GRT-0006] Repairing antennas, iteration 5.
[INFO GRT-0043] No OR_DEFAULT vias defined.
[INFO GRT-0012] Found 0 antenna violations.
Setting global connections for newly added cells…
Writing OpenROAD database to '/openlane/designs/aes256/runs/RUN_2025.11.27_13.38.41/tmp/routing/19-global.odb'…
Writing layout to '/openlane/designs/aes256/runs/RUN_2025.11.27_13.38.41/tmp/routing/19-global.def'…
Writing routing guides to '/openlane/designs/aes256/runs/RUN_2025.11.27_13.38.41/tmp/routing/19-global.guide'…
