Thu Nov 27 13:38:41 UTC 2025 - Executing "openroad -exit -no_init -python /openlane/scripts/odbpy/lefutil.py get_metal_layers -o /openlane/designs/aes256/runs/RUN_2025.11.27_13.38.41/tmp/layers.list /home/biu/.ciel/sky130A/libs.ref/sky130_fd_sc_hd/techlef/sky130_fd_sc_hd__nom.tlef"

Thu Nov 27 13:38:41 UTC 2025 - Executing "/openlane/scripts/mergeLef.py -o /openlane/designs/aes256/runs/RUN_2025.11.27_13.38.41/tmp/merged.nom.lef -i /home/biu/.ciel/sky130A/libs.ref/sky130_fd_sc_hd/techlef/sky130_fd_sc_hd__nom.tlef {/home/biu/.ciel/sky130A/libs.ref/sky130_fd_sc_hd/lef/sky130_ef_sc_hd.lef /home/biu/.ciel/sky130A/libs.ref/sky130_fd_sc_hd/lef/sky130_fd_sc_hd.lef} |& tee /dev/null"

Thu Nov 27 13:38:41 UTC 2025 - Executing "/openlane/scripts/mergeLef.py -o /openlane/designs/aes256/runs/RUN_2025.11.27_13.38.41/tmp/merged.min.lef -i /home/biu/.ciel/sky130A/libs.ref/sky130_fd_sc_hd/techlef/sky130_fd_sc_hd__min.tlef {/home/biu/.ciel/sky130A/libs.ref/sky130_fd_sc_hd/lef/sky130_ef_sc_hd.lef /home/biu/.ciel/sky130A/libs.ref/sky130_fd_sc_hd/lef/sky130_fd_sc_hd.lef} |& tee /dev/null"

Thu Nov 27 13:38:41 UTC 2025 - Executing "/openlane/scripts/mergeLef.py -o /openlane/designs/aes256/runs/RUN_2025.11.27_13.38.41/tmp/merged.max.lef -i /home/biu/.ciel/sky130A/libs.ref/sky130_fd_sc_hd/techlef/sky130_fd_sc_hd__max.tlef {/home/biu/.ciel/sky130A/libs.ref/sky130_fd_sc_hd/lef/sky130_ef_sc_hd.lef /home/biu/.ciel/sky130A/libs.ref/sky130_fd_sc_hd/lef/sky130_fd_sc_hd.lef} |& tee /dev/null"

Thu Nov 27 13:38:41 UTC 2025 - Executing "python3 /openlane/scripts/mergeLib.py --output /openlane/designs/aes256/runs/RUN_2025.11.27_13.38.41/tmp/synthesis/merged.lib --name sky130A_merged /home/biu/.ciel/sky130A/libs.ref/sky130_fd_sc_hd/lib/sky130_fd_sc_hd__tt_025C_1v80.lib"

Thu Nov 27 13:38:41 UTC 2025 - Executing "python3 /openlane/scripts/libtrim.py --cell-file /openlane/designs/aes256/runs/RUN_2025.11.27_13.38.41/tmp/synthesis/trimmed.lib.exclude.list --output /openlane/designs/aes256/runs/RUN_2025.11.27_13.38.41/tmp/synthesis/trimmed.lib /openlane/designs/aes256/runs/RUN_2025.11.27_13.38.41/tmp/synthesis/merged.lib"

Thu Nov 27 13:38:42 UTC 2025 - Executing "python3 /openlane/scripts/libtrim.py --cell-file /openlane/designs/aes256/runs/RUN_2025.11.27_13.38.41/tmp/cts/cts.lib.exclude.list --output /openlane/designs/aes256/runs/RUN_2025.11.27_13.38.41/tmp/cts/cts.lib /home/biu/.ciel/sky130A/libs.ref/sky130_fd_sc_hd/lib/sky130_fd_sc_hd__tt_025C_1v80.lib"

Thu Nov 27 13:38:42 UTC 2025 - Executing "python3 /openlane/scripts/libtrim.py --cell-file /openlane/designs/aes256/runs/RUN_2025.11.27_13.38.41/tmp/cts/cts-fastest.lib.exclude.list --output /openlane/designs/aes256/runs/RUN_2025.11.27_13.38.41/tmp/cts/cts-fastest.lib /home/biu/.ciel/sky130A/libs.ref/sky130_fd_sc_hd/lib/sky130_fd_sc_hd__ff_n40C_1v95.lib"

Thu Nov 27 13:38:42 UTC 2025 - Executing "python3 /openlane/scripts/libtrim.py --cell-file /openlane/designs/aes256/runs/RUN_2025.11.27_13.38.41/tmp/cts/cts-slowest.lib.exclude.list --output /openlane/designs/aes256/runs/RUN_2025.11.27_13.38.41/tmp/cts/cts-slowest.lib /home/biu/.ciel/sky130A/libs.ref/sky130_fd_sc_hd/lib/sky130_fd_sc_hd__ss_100C_1v60.lib"

Thu Nov 27 13:38:42 UTC 2025 - Executing "python3 /openlane/scripts/new_tracks.py -i /home/biu/.ciel/sky130A/libs.tech/openlane/sky130_fd_sc_hd/tracks.info -o /openlane/designs/aes256/runs/RUN_2025.11.27_13.38.41/tmp/routing/config.tracks"

Thu Nov 27 13:38:42 UTC 2025 - Executing "echo {OpenLane ff5509f65b17bfa4068d5336495ab1718987ff69} > /openlane/designs/aes256/runs/RUN_2025.11.27_13.38.41/OPENLANE_COMMIT"

Thu Nov 27 13:38:42 UTC 2025 - Executing "bash -c {verilator  --lint-only  -Wall  --Wno-DECLFILENAME  --top-module AES  /openlane/designs/aes256/src/AES.v /openlane/designs/aes256/src/AES_Encrypt.v /openlane/designs/aes256/src/keyExpansion.v /openlane/designs/aes256/src/mixColumns.v /openlane/designs/aes256/src/sbox.v /openlane/designs/aes256/src/shiftRows.v /openlane/designs/aes256/src/subBytes.v -Wno-fatal --relative-includes |& tee /openlane/designs/aes256/runs/RUN_2025.11.27_13.38.41/logs/synthesis/linter.log /dev/null}"

Thu Nov 27 13:38:42 UTC 2025 - Executing "sed -E {s/^([[:space:]]+)pg_pin(.*)/\1pin\2\n\1    direction : "inout";/g} /home/biu/.ciel/sky130A/libs.ref/sky130_fd_sc_hd/lib/sky130_fd_sc_hd__tt_025C_1v80.lib > /openlane/designs/aes256/runs/RUN_2025.11.27_13.38.41/tmp/synthesis/1-sky130_fd_sc_hd__tt_025C_1v80.no_pg.lib"

Thu Nov 27 13:38:43 UTC 2025 - Executing "sed -E {s/^([[:space:]]+)pg_pin(.*)/\1pin\2\n\1    direction : "inout";/g} /openlane/designs/aes256/runs/RUN_2025.11.27_13.38.41/tmp/synthesis/trimmed.lib > /openlane/designs/aes256/runs/RUN_2025.11.27_13.38.41/tmp/synthesis/1-trimmed.no_pg.lib"

Thu Nov 27 13:38:43 UTC 2025 - Executing "yosys -c /openlane/scripts/yosys/synth.tcl |& tee /dev/null /openlane/designs/aes256/runs/RUN_2025.11.27_13.38.41/logs/synthesis/1-synthesis.log"

Thu Nov 27 13:39:17 UTC 2025 - Executing "sed -i.bak -e {s/\(set ::env(CURRENT_NETLIST)\).*/\1 \/openlane\/designs\/aes256\/runs\/RUN_2025.11.27_13.38.41\/results\/synthesis\/AES.v/} /openlane/designs/aes256/runs/RUN_2025.11.27_13.38.41/config.tcl"

Thu Nov 27 13:39:17 UTC 2025 - Executing "sed -i.bak /defparam/d /openlane/designs/aes256/runs/RUN_2025.11.27_13.38.41/results/synthesis/AES.v"

Thu Nov 27 13:39:17 UTC 2025 - Executing "sta -exit -no_init /openlane/scripts/openroad/sta/multi_corner.tcl |& tee /dev/null /openlane/designs/aes256/runs/RUN_2025.11.27_13.38.41/logs/synthesis/2-sta.log"

Thu Nov 27 13:39:18 UTC 2025 - Executing "openroad -exit /openlane/scripts/openroad/floorplan.tcl |& tee /dev/null /openlane/designs/aes256/runs/RUN_2025.11.27_13.38.41/logs/floorplan/3-initial_fp.log"

Thu Nov 27 13:39:19 UTC 2025 - Executing "openroad -exit -no_init -python /openlane/scripts/odbpy/defutil.py extract_core_dims --output-data /openlane/designs/aes256/runs/RUN_2025.11.27_13.38.41/tmp/dimensions.txt --input-lef /openlane/designs/aes256/runs/RUN_2025.11.27_13.38.41/tmp/merged.nom.lef /openlane/designs/aes256/runs/RUN_2025.11.27_13.38.41/tmp/floorplan/3-initial_fp.def"

Thu Nov 27 13:39:19 UTC 2025 - Executing "openroad -exit /openlane/scripts/openroad/ioplacer.tcl |& tee /dev/null /openlane/designs/aes256/runs/RUN_2025.11.27_13.38.41/logs/floorplan/4-io.log"

Thu Nov 27 13:39:20 UTC 2025 - Executing "openroad -exit /openlane/scripts/openroad/tapcell.tcl |& tee /dev/null /openlane/designs/aes256/runs/RUN_2025.11.27_13.38.41/logs/floorplan/5-tap.log"

Thu Nov 27 13:39:20 UTC 2025 - Executing "openroad -exit /openlane/scripts/openroad/pdn.tcl |& tee /dev/null /openlane/designs/aes256/runs/RUN_2025.11.27_13.38.41/logs/floorplan/6-pdn.log"

Thu Nov 27 13:39:21 UTC 2025 - Executing "openroad -exit /openlane/scripts/openroad/gpl.tcl |& tee /dev/null /openlane/designs/aes256/runs/RUN_2025.11.27_13.38.41/logs/placement/7-global.log"

Thu Nov 27 13:39:43 UTC 2025 - Executing "sed -i.bak -e {s/\(set ::env(CURRENT_NETLIST)\).*/\1 \/openlane\/designs\/aes256\/runs\/RUN_2025.11.27_13.38.41\/tmp\/placement\/7-global.nl.v/} /openlane/designs/aes256/runs/RUN_2025.11.27_13.38.41/config.tcl"

Thu Nov 27 13:39:44 UTC 2025 - Executing "openroad -exit /openlane/scripts/openroad/sta/multi_corner.tcl |& tee /dev/null /openlane/designs/aes256/runs/RUN_2025.11.27_13.38.41/logs/placement/8-gpl_sta.log"

Thu Nov 27 13:39:46 UTC 2025 - Executing "openroad -exit /openlane/scripts/openroad/resizer.tcl |& tee /dev/null /openlane/designs/aes256/runs/RUN_2025.11.27_13.38.41/logs/placement/9-resizer.log"

Thu Nov 27 13:39:52 UTC 2025 - Executing "sed -i.bak -e {s/\(set ::env(CURRENT_NETLIST)\).*/\1 \/openlane\/designs\/aes256\/runs\/RUN_2025.11.27_13.38.41\/tmp\/placement\/9-resizer.nl.v/} /openlane/designs/aes256/runs/RUN_2025.11.27_13.38.41/config.tcl"

Thu Nov 27 13:39:52 UTC 2025 - Executing "openroad -exit /openlane/scripts/openroad/dpl.tcl |& tee /dev/null /openlane/designs/aes256/runs/RUN_2025.11.27_13.38.41/logs/placement/10-detailed.log"

Thu Nov 27 13:39:53 UTC 2025 - Executing "sed -i.bak -e {s/\(set ::env(CURRENT_NETLIST)\).*/\1 \/openlane\/designs\/aes256\/runs\/RUN_2025.11.27_13.38.41\/results\/placement\/AES.nl.v/} /openlane/designs/aes256/runs/RUN_2025.11.27_13.38.41/config.tcl"

Thu Nov 27 13:39:53 UTC 2025 - Executing "openroad -exit /openlane/scripts/openroad/sta/multi_corner.tcl |& tee /dev/null /openlane/designs/aes256/runs/RUN_2025.11.27_13.38.41/logs/placement/11-dpl_sta.log"

Thu Nov 27 13:39:55 UTC 2025 - Executing "openroad -exit /openlane/scripts/openroad/cts.tcl |& tee /dev/null /openlane/designs/aes256/runs/RUN_2025.11.27_13.38.41/logs/cts/12-cts.log"

Thu Nov 27 13:40:17 UTC 2025 - Executing "openroad -exit /openlane/scripts/openroad/sta/multi_corner.tcl |& tee /dev/null /openlane/designs/aes256/runs/RUN_2025.11.27_13.38.41/logs/cts/13-cts_sta.log"

Thu Nov 27 13:40:20 UTC 2025 - Executing "openroad -exit /openlane/scripts/openroad/resizer_timing.tcl |& tee /dev/null /openlane/designs/aes256/runs/RUN_2025.11.27_13.38.41/logs/cts/14-resizer.log"

Thu Nov 27 13:40:30 UTC 2025 - Executing "sed -i.bak -e {s/\(set ::env(CURRENT_NETLIST)\).*/\1 \/openlane\/designs\/aes256\/runs\/RUN_2025.11.27_13.38.41\/tmp\/cts\/14-AES.resized.nl.v/} /openlane/designs/aes256/runs/RUN_2025.11.27_13.38.41/config.tcl"

Thu Nov 27 13:40:30 UTC 2025 - Executing "openroad -exit /openlane/scripts/openroad/resizer_routing_design.tcl |& tee /dev/null /openlane/designs/aes256/runs/RUN_2025.11.27_13.38.41/logs/routing/15-resizer_design.log"

Thu Nov 27 13:40:44 UTC 2025 - Executing "sed -i.bak -e {s/\(set ::env(CURRENT_NETLIST)\).*/\1 \/openlane\/designs\/aes256\/runs\/RUN_2025.11.27_13.38.41\/tmp\/15-AES.nl.v/} /openlane/designs/aes256/runs/RUN_2025.11.27_13.38.41/config.tcl"

Thu Nov 27 13:40:44 UTC 2025 - Executing "openroad -exit /openlane/scripts/openroad/sta/multi_corner.tcl |& tee /dev/null /openlane/designs/aes256/runs/RUN_2025.11.27_13.38.41/logs/routing/16-rsz_design_sta.log"

Thu Nov 27 13:40:47 UTC 2025 - Executing "openroad -exit /openlane/scripts/openroad/resizer_routing_timing.tcl |& tee /dev/null /openlane/designs/aes256/runs/RUN_2025.11.27_13.38.41/logs/routing/17-resizer_timing.log"

Thu Nov 27 13:40:54 UTC 2025 - Executing "sed -i.bak -e {s/\(set ::env(CURRENT_NETLIST)\).*/\1 \/openlane\/designs\/aes256\/runs\/RUN_2025.11.27_13.38.41\/tmp\/17-AES.nl.v/} /openlane/designs/aes256/runs/RUN_2025.11.27_13.38.41/config.tcl"

Thu Nov 27 13:40:54 UTC 2025 - Executing "openroad -exit /openlane/scripts/openroad/sta/multi_corner.tcl |& tee /dev/null /openlane/designs/aes256/runs/RUN_2025.11.27_13.38.41/logs/routing/18-rsz_timing_sta.log"

Thu Nov 27 13:40:57 UTC 2025 - Executing "openroad -exit /openlane/scripts/openroad/groute.tcl |& tee /dev/null /openlane/designs/aes256/runs/RUN_2025.11.27_13.38.41/logs/routing/19-global.log"

Thu Nov 27 13:41:05 UTC 2025 - Executing "openroad -exit /openlane/scripts/openroad/write_views.tcl |& tee /dev/null /openlane/designs/aes256/runs/RUN_2025.11.27_13.38.41/logs/routing/19-global_write_netlist.log"

Thu Nov 27 13:41:05 UTC 2025 - Executing "sed -i.bak -e {s/\(set ::env(CURRENT_NETLIST)\).*/\1 \/openlane\/designs\/aes256\/runs\/RUN_2025.11.27_13.38.41\/tmp\/routing\/global.nl.v/} /openlane/designs/aes256/runs/RUN_2025.11.27_13.38.41/config.tcl"

Thu Nov 27 13:41:05 UTC 2025 - Executing "openroad -exit /openlane/scripts/openroad/sta/multi_corner.tcl |& tee /dev/null /openlane/designs/aes256/runs/RUN_2025.11.27_13.38.41/logs/routing/21-grt_sta.log"

Thu Nov 27 13:41:07 UTC 2025 - Executing "openroad -exit /openlane/scripts/openroad/fill.tcl |& tee /dev/null /openlane/designs/aes256/runs/RUN_2025.11.27_13.38.41/logs/routing/22-fill.log"

Thu Nov 27 13:41:08 UTC 2025 - Executing "sed -i.bak -e {s/\(set ::env(CURRENT_NETLIST)\).*/\1 \/openlane\/designs\/aes256\/runs\/RUN_2025.11.27_13.38.41\/tmp\/routing\/22-fill.nl.v/} /openlane/designs/aes256/runs/RUN_2025.11.27_13.38.41/config.tcl"

Thu Nov 27 13:41:08 UTC 2025 - Executing "openroad -exit /openlane/scripts/openroad/droute.tcl |& tee /dev/null /openlane/designs/aes256/runs/RUN_2025.11.27_13.38.41/logs/routing/23-detailed.log"

Thu Nov 27 14:05:26 UTC 2025 - Executing "sed -i.bak -e {s/\(set ::env(CURRENT_NETLIST)\).*/\1 \/openlane\/designs\/aes256\/runs\/RUN_2025.11.27_13.38.41\/results\/routing\/AES.nl.v/} /openlane/designs/aes256/runs/RUN_2025.11.27_13.38.41/config.tcl"

Thu Nov 27 14:05:26 UTC 2025 - Executing "python3 /openlane/scripts/drc_rosetta.py tr to_klayout -o /openlane/designs/aes256/runs/RUN_2025.11.27_13.38.41/reports/routing/drt.klayout.xml --design-name AES /openlane/designs/aes256/runs/RUN_2025.11.27_13.38.41/reports/routing/drt.drc"

Thu Nov 27 14:05:26 UTC 2025 - Executing "openroad -exit -no_init -python /openlane/scripts/odbpy/wire_lengths.py --report-out /openlane/designs/aes256/runs/RUN_2025.11.27_13.38.41/reports/routing/24-wire_lengths.csv --input-lef /openlane/designs/aes256/runs/RUN_2025.11.27_13.38.41/tmp/merged.nom.lef --output-def /dev/null --output /openlane/designs/aes256/runs/RUN_2025.11.27_13.38.41/results/routing/AES.odb /openlane/designs/aes256/runs/RUN_2025.11.27_13.38.41/results/routing/AES.odb |& tee /dev/null /openlane/designs/aes256/runs/RUN_2025.11.27_13.38.41/logs/routing/24-wire_lengths.log"

Thu Nov 27 14:05:27 UTC 2025 - Executing "openroad -exit /openlane/scripts/openroad/rcx.tcl |& tee /dev/null /openlane/designs/aes256/runs/RUN_2025.11.27_13.38.41/logs/signoff/25-parasitics_extraction.min.log"

Thu Nov 27 14:05:32 UTC 2025 - Executing "sta -exit -no_init /openlane/scripts/openroad/sta/multi_corner.tcl |& tee /dev/null /openlane/designs/aes256/runs/RUN_2025.11.27_13.38.41/logs/signoff/26-rcx_mcsta.min.log"

Thu Nov 27 14:05:45 UTC 2025 - Executing "openroad -exit /openlane/scripts/openroad/rcx.tcl |& tee /dev/null /openlane/designs/aes256/runs/RUN_2025.11.27_13.38.41/logs/signoff/27-parasitics_extraction.max.log"

Thu Nov 27 14:05:50 UTC 2025 - Executing "sta -exit -no_init /openlane/scripts/openroad/sta/multi_corner.tcl |& tee /dev/null /openlane/designs/aes256/runs/RUN_2025.11.27_13.38.41/logs/signoff/28-rcx_mcsta.max.log"

Thu Nov 27 14:06:05 UTC 2025 - Executing "openroad -exit /openlane/scripts/openroad/rcx.tcl |& tee /dev/null /openlane/designs/aes256/runs/RUN_2025.11.27_13.38.41/logs/signoff/29-parasitics_extraction.nom.log"

Thu Nov 27 14:06:09 UTC 2025 - Executing "sta -exit -no_init /openlane/scripts/openroad/sta/multi_corner.tcl |& tee /dev/null /openlane/designs/aes256/runs/RUN_2025.11.27_13.38.41/logs/signoff/30-rcx_mcsta.nom.log"

Thu Nov 27 14:06:23 UTC 2025 - Executing "sta -exit -no_init /openlane/scripts/openroad/sta/multi_corner.tcl |& tee /dev/null /openlane/designs/aes256/runs/RUN_2025.11.27_13.38.41/logs/signoff/31-rcx_sta.log"

Thu Nov 27 14:06:27 UTC 2025 - Executing "openroad -exit /openlane/scripts/openroad/irdrop.tcl |& tee /dev/null /openlane/designs/aes256/runs/RUN_2025.11.27_13.38.41/logs/signoff/32-irdrop.log"

Thu Nov 27 14:06:31 UTC 2025 - Executing "magic -noconsole -dnull -rcfile /home/biu/.ciel/sky130A/libs.tech/magic/sky130A.magicrc < /openlane/scripts/magic/wrapper.tcl |& tee /dev/null /openlane/designs/aes256/runs/RUN_2025.11.27_13.38.41/logs/signoff/33-gdsii.log"

Thu Nov 27 14:06:41 UTC 2025 - Executing "magic -noconsole -dnull -rcfile /home/biu/.ciel/sky130A/libs.tech/magic/sky130A.magicrc < /openlane/scripts/magic/wrapper.tcl |& tee /dev/null /openlane/designs/aes256/runs/RUN_2025.11.27_13.38.41/logs/signoff/33-gds_ptrs.log"

Thu Nov 27 14:06:47 UTC 2025 - Executing "sed -i.bak -n {/^<< properties >>/,/^<< end >>/p} /openlane/designs/aes256/runs/RUN_2025.11.27_13.38.41/tmp/signoff/gds_ptrs.mag"

Thu Nov 27 14:06:47 UTC 2025 - Executing "magic -noconsole -dnull -rcfile /home/biu/.ciel/sky130A/libs.tech/magic/sky130A.magicrc < /openlane/scripts/magic/wrapper.tcl |& tee /dev/null /openlane/designs/aes256/runs/RUN_2025.11.27_13.38.41/logs/signoff/33-lef.log"

Thu Nov 27 14:06:55 UTC 2025 - Executing "magic -noconsole -dnull -rcfile /home/biu/.ciel/sky130A/libs.tech/magic/sky130A.magicrc < /openlane/scripts/magic/wrapper.tcl |& tee /dev/null /openlane/designs/aes256/runs/RUN_2025.11.27_13.38.41/logs/signoff/33-maglef.log"

Thu Nov 27 14:06:56 UTC 2025 - Executing "python3 /openlane/scripts/klayout/stream_out.py --output /openlane/designs/aes256/runs/RUN_2025.11.27_13.38.41/results/signoff/AES.klayout.gds --lyt /home/biu/.ciel/sky130A/libs.tech/klayout/tech/sky130A.lyt --lym /home/biu/.ciel/sky130A/libs.tech/klayout/tech/sky130A.map --lyp /home/biu/.ciel/sky130A/libs.tech/klayout/tech/sky130A.lyp --top AES --with-gds-file /home/biu/.ciel/sky130A/libs.ref/sky130_fd_sc_hd/gds/sky130_fd_sc_hd.gds --input-lef /openlane/designs/aes256/runs/RUN_2025.11.27_13.38.41/tmp/merged.nom.lef /openlane/designs/aes256/runs/RUN_2025.11.27_13.38.41/results/routing/AES.def |& tee /dev/null /openlane/designs/aes256/runs/RUN_2025.11.27_13.38.41/logs/signoff/34-gdsii-klayout.log"

Thu Nov 27 14:06:57 UTC 2025 - Executing "klayout -b -r /openlane/scripts/klayout/xor.drc -rd a=/openlane/designs/aes256/runs/RUN_2025.11.27_13.38.41/results/signoff/AES.gds -rd b=/openlane/designs/aes256/runs/RUN_2025.11.27_13.38.41/results/signoff/AES.klayout.gds -rd jobs=1 -rd rdb_out=/openlane/designs/aes256/runs/RUN_2025.11.27_13.38.41/reports/signoff/35-xor.xml -rd ignore=81/14 -rd rpt_out=/openlane/designs/aes256/runs/RUN_2025.11.27_13.38.41/reports/signoff/35-xor.rpt |& tee /dev/null /openlane/designs/aes256/runs/RUN_2025.11.27_13.38.41/logs/signoff/35-xor.log"

Thu Nov 27 14:07:11 UTC 2025 - Executing "magic -noconsole -dnull -rcfile /home/biu/.ciel/sky130A/libs.tech/magic/sky130A.magicrc < /openlane/scripts/magic/wrapper.tcl |& tee /dev/null /openlane/designs/aes256/runs/RUN_2025.11.27_13.38.41/logs/signoff/36-spice.log"

Thu Nov 27 14:07:30 UTC 2025 - Executing "openroad -exit -no_init -python /openlane/scripts/odbpy/power_utils.py write_powered_def --output /openlane/designs/aes256/runs/RUN_2025.11.27_13.38.41/tmp/signoff/36-AES.p.def --input-lef /openlane/designs/aes256/runs/RUN_2025.11.27_13.38.41/tmp/merged.nom.lef --power-port VPWR --ground-port VGND --powered-netlist {} /openlane/designs/aes256/runs/RUN_2025.11.27_13.38.41/results/routing/AES.def |& tee /dev/null /openlane/designs/aes256/runs/RUN_2025.11.27_13.38.41/logs/signoff/37-write_powered_def.log"

Thu Nov 27 14:07:31 UTC 2025 - Executing "openroad -exit /openlane/scripts/openroad/write_views.tcl |& tee /dev/null /openlane/designs/aes256/runs/RUN_2025.11.27_13.38.41/logs/signoff/37-write_powered_verilog.log"

Thu Nov 27 14:07:33 UTC 2025 - Executing "sed -i.bak -e {s/\(set ::env(CURRENT_NETLIST)\).*/\1 \/openlane\/designs\/aes256\/runs\/RUN_2025.11.27_13.38.41\/tmp\/signoff\/36-AES.nl.v/} /openlane/designs/aes256/runs/RUN_2025.11.27_13.38.41/config.tcl"

Thu Nov 27 14:07:33 UTC 2025 - Executing "netgen -batch source /openlane/designs/aes256/runs/RUN_2025.11.27_13.38.41/tmp/signoff/39-setup_file.lef.lvs |& tee /dev/null /openlane/designs/aes256/runs/RUN_2025.11.27_13.38.41/logs/signoff/39-lvs.lef.log"

Thu Nov 27 14:07:37 UTC 2025 - Executing "magic -noconsole -dnull -rcfile /home/biu/.ciel/sky130A/libs.tech/magic/sky130A.magicrc < /openlane/scripts/magic/wrapper.tcl |& tee /dev/null /openlane/designs/aes256/runs/RUN_2025.11.27_13.38.41/logs/signoff/40-drc.log"

Thu Nov 27 14:07:44 UTC 2025 - Executing "python3 /openlane/scripts/drc_rosetta.py magic to_tcl -o /openlane/designs/aes256/runs/RUN_2025.11.27_13.38.41/reports/signoff/drc.tcl /openlane/designs/aes256/runs/RUN_2025.11.27_13.38.41/reports/signoff/drc.rpt"

Thu Nov 27 14:07:44 UTC 2025 - Executing "python3 /openlane/scripts/drc_rosetta.py magic to_tr -o /openlane/designs/aes256/runs/RUN_2025.11.27_13.38.41/reports/signoff/drc.tr /openlane/designs/aes256/runs/RUN_2025.11.27_13.38.41/reports/signoff/drc.rpt"

Thu Nov 27 14:07:44 UTC 2025 - Executing "python3 /openlane/scripts/drc_rosetta.py tr to_klayout -o /openlane/designs/aes256/runs/RUN_2025.11.27_13.38.41/reports/signoff/drc.klayout.xml --design-name AES /openlane/designs/aes256/runs/RUN_2025.11.27_13.38.41/reports/signoff/drc.tr"

Thu Nov 27 14:07:44 UTC 2025 - Executing "python3 /openlane/scripts/drc_rosetta.py magic to_rdb -o /openlane/designs/aes256/runs/RUN_2025.11.27_13.38.41/reports/signoff/drc.rdb /openlane/designs/aes256/runs/RUN_2025.11.27_13.38.41/reports/signoff/drc.rpt"

Thu Nov 27 14:07:44 UTC 2025 - Executing "openroad -exit /openlane/scripts/openroad/antenna_check.tcl |& tee /dev/null /openlane/designs/aes256/runs/RUN_2025.11.27_13.38.41/logs/signoff/41-arc.log"

Thu Nov 27 14:07:47 UTC 2025 - Executing "python3 /openlane/scripts/extract_antenna_violators.py --output /openlane/designs/aes256/runs/RUN_2025.11.27_13.38.41/reports/signoff/41-antenna_violators.rpt --plain-out /openlane/designs/aes256/runs/RUN_2025.11.27_13.38.41/reports/signoff/41-antenna_violators_pins.txt /openlane/designs/aes256/runs/RUN_2025.11.27_13.38.41/logs/signoff/41-arc.log"

Thu Nov 27 14:07:47 UTC 2025 - Executing "awk -v vdd=VPWR -v gnd=VGND -f /home/biu/.ciel/sky130A/libs.tech/openlane/cvc/power.awk /openlane/designs/aes256/runs/RUN_2025.11.27_13.38.41/tmp/signoff/36-AES.nl.v > /openlane/designs/aes256/runs/RUN_2025.11.27_13.38.41/tmp/signoff/AES.power"

Thu Nov 27 14:07:47 UTC 2025 - Executing "awk -f /home/biu/.ciel/sky130A/libs.tech/openlane/cvc/cdl.awk /home/biu/.ciel/sky130A/libs.ref/sky130_fd_sc_hd/cdl/sky130_fd_sc_hd.cdl /openlane/designs/aes256/runs/RUN_2025.11.27_13.38.41/results/signoff/AES.lef.spice > /openlane/designs/aes256/runs/RUN_2025.11.27_13.38.41/tmp/signoff/AES.cdl"

Thu Nov 27 14:07:47 UTC 2025 - Executing "cvc_rv /home/biu/.ciel/sky130A/libs.tech/openlane/cvc/cvcrc |& tee /dev/null /openlane/designs/aes256/runs/RUN_2025.11.27_13.38.41/logs/signoff/42-erc_screen.log"

